Using pre-set license
Built from '2020.2/staging' branch; Version is '2020.2.7f1 (c53830e277f1) revision 12924976'; Using compiler version '192528614'; Build Type 'Release'
OS: 'Windows 10 Home; OS build 19042.1348; Version 2009; 64bit' Language: 'ko' Physical Memory: 65466 MB
BatchMode: 1, IsHumanControllingUs: 0, StartBugReporterOnCrash: 0, Is64bit: 1, IsPro: 0

 COMMAND LINE ARGUMENTS:
C:\Program Files\Unity\Hub\Editor\2020.2.7f1\Editor\Unity.exe
-adb2
-batchMode
-noUpm
-name
AssetImportWorker0
-projectPath
C:/Users/USER1/Documents/GitHub/Game_Project_2021_2/Game_Project_2021_2
-logFile
Logs/AssetImportWorker0.log
-srvPort
52973
Successfully changed project path to: C:/Users/USER1/Documents/GitHub/Game_Project_2021_2/Game_Project_2021_2
C:/Users/USER1/Documents/GitHub/Game_Project_2021_2/Game_Project_2021_2
Using Asset Import Pipeline V2.
Refreshing native plugins compatible for Editor in 31.94 ms, found 1 plugins.
Preloading 0 native plugins for Editor in 0.00 ms.
Initialize engine version: 2020.2.7f1 (c53830e277f1)
[Subsystems] Discovering subsystems at path C:/Program Files/Unity/Hub/Editor/2020.2.7f1/Editor/Data/Resources/UnitySubsystems
[Subsystems] Discovering subsystems at path C:/Users/USER1/Documents/GitHub/Game_Project_2021_2/Game_Project_2021_2/Assets
GfxDevice: creating device client; threaded=0
Direct3D:
    Version:  Direct3D 11.0 [level 11.1]
    Renderer: NVIDIA GeForce RTX 3080 (ID=0x2206)
    Vendor:   
    VRAM:     10077 MB
    Driver:   30.0.14.9649
Initialize mono
Mono path[0] = 'C:/Program Files/Unity/Hub/Editor/2020.2.7f1/Editor/Data/Managed'
Mono path[1] = 'C:/Program Files/Unity/Hub/Editor/2020.2.7f1/Editor/Data/MonoBleedingEdge/lib/mono/unityjit'
Mono config path = 'C:/Program Files/Unity/Hub/Editor/2020.2.7f1/Editor/Data/MonoBleedingEdge/etc'
Using monoOptions --debugger-agent=transport=dt_socket,embedding=1,server=y,suspend=n,address=127.0.0.1:56204
Begin MonoManager ReloadAssembly
Registering precompiled unity dll's ...
Register platform support module: C:/Program Files/Unity/Hub/Editor/2020.2.7f1/Editor/Data/PlaybackEngines/WindowsStandaloneSupport/UnityEditor.WindowsStandalone.Extensions.dll
Registered in 0.002861 seconds.
Native extension for WindowsStandalone target not found
Refreshing native plugins compatible for Editor in 34.91 ms, found 1 plugins.
Preloading 0 native plugins for Editor in 0.00 ms.
Invoked RoslynAnalysisRunner static constructor.
RoslynAnalysisRunner will not be running.
RoslynAnalysisRunner has terminated.
Mono: successfully reloaded assembly
- Completed reload, in  1.828 seconds
Platform modules already initialized, skipping
Registering precompiled user dll's ...
Registered in 0.001507 seconds.
Begin MonoManager ReloadAssembly
Native extension for WindowsStandalone target not found
Refreshing native plugins compatible for Editor in 31.74 ms, found 1 plugins.
Preloading 0 native plugins for Editor in 0.00 ms.
Invoked RoslynAnalysisRunner static constructor.
RoslynAnalysisRunner will not be running.
RoslynAnalysisRunner has terminated.
Mono: successfully reloaded assembly
- Completed reload, in  0.782 seconds
Platform modules already initialized, skipping
========================================================================
Worker process is ready to serve import requests
Launched and connected shader compiler UnityShaderCompiler.exe after 0.04 seconds
Refreshing native plugins compatible for Editor in 0.43 ms, found 1 plugins.
Preloading 0 native plugins for Editor in 0.00 ms.
Unloading 1818 Unused Serialized files (Serialized files now loaded: 0)
System memory in use before: 87.6 MB.
System memory in use after: 87.5 MB.

Unloading 24 unused Assets to reduce memory usage. Loaded Objects now: 2262.
Total: 2.232600 ms (FindLiveObjects: 0.264600 ms CreateObjectMapping: 0.044700 ms MarkObjects: 1.805500 ms  DeleteObjects: 0.116900 ms)

========================================================================
Received Import Request.
  path: Assets/Scripts/Wave_Check.cs
  artifactKey: Guid(460f91ee19c68994b9d34cc4d04d710d) Importer(815301076,1909f56bfc062723c751e8b465ee728b)
Start importing Assets/Scripts/Wave_Check.cs using Guid(460f91ee19c68994b9d34cc4d04d710d) Importer(815301076,1909f56bfc062723c751e8b465ee728b)  -> (artifact id: 'c92a881d56c2026ddc3362fc579b6576') in 0.030884 seconds
  Import took 0.033781 seconds .

========================================================================
Received Import Request.
  Time since last request: 5.083372 seconds.
  path: Assets/Scripts/GameManager.cs
  artifactKey: Guid(66c38e8fce4626540a89d0eab1f2585b) Importer(815301076,1909f56bfc062723c751e8b465ee728b)
Start importing Assets/Scripts/GameManager.cs using Guid(66c38e8fce4626540a89d0eab1f2585b) Importer(815301076,1909f56bfc062723c751e8b465ee728b)  -> (artifact id: 'd7e8863b28455af9e07395562d54bb09') in 0.013677 seconds
  Import took 0.016478 seconds .

========================================================================
Received Import Request.
  Time since last request: 0.007900 seconds.
  path: Assets/Scripts/GameManager.cs
  artifactKey: Guid(66c38e8fce4626540a89d0eab1f2585b) Importer(815301076,1909f56bfc062723c751e8b465ee728b)
Start importing Assets/Scripts/GameManager.cs using Guid(66c38e8fce4626540a89d0eab1f2585b) Importer(815301076,1909f56bfc062723c751e8b465ee728b)  -> (artifact id: 'd7e8863b28455af9e07395562d54bb09') in 0.002487 seconds
  Import took 0.004705 seconds .

========================================================================
Received Import Request.
  Time since last request: 29.481412 seconds.
  path: Assets/Scripts/EnemySpawner.cs
  artifactKey: Guid(ad97fcb3e063c794a8a14b84115211fd) Importer(815301076,1909f56bfc062723c751e8b465ee728b)
Start importing Assets/Scripts/EnemySpawner.cs using Guid(ad97fcb3e063c794a8a14b84115211fd) Importer(815301076,1909f56bfc062723c751e8b465ee728b)  -> (artifact id: 'c1b50baeda63230981e6334b6ae6b959') in 0.006004 seconds
  Import took 0.008814 seconds .

========================================================================
Received Prepare
Registering precompiled user dll's ...
Registered in 0.001222 seconds.
Begin MonoManager ReloadAssembly
Native extension for WindowsStandalone target not found
Refreshing native plugins compatible for Editor in 0.43 ms, found 1 plugins.
Preloading 0 native plugins for Editor in 0.00 ms.
Invoked RoslynAnalysisRunner static constructor.
RoslynAnalysisRunner will not be running.
RoslynAnalysisRunner has terminated.
Mono: successfully reloaded assembly
- Completed reload, in  0.742 seconds
Platform modules already initialized, skipping
Refreshing native plugins compatible for Editor in 0.52 ms, found 1 plugins.
Preloading 0 native plugins for Editor in 0.00 ms.
Unloading 1813 Unused Serialized files (Serialized files now loaded: 0)
System memory in use before: 87.6 MB.
System memory in use after: 87.5 MB.

Unloading 12 unused Assets to reduce memory usage. Loaded Objects now: 2266.
Total: 2.043500 ms (FindLiveObjects: 0.243200 ms CreateObjectMapping: 0.041700 ms MarkObjects: 1.644000 ms  DeleteObjects: 0.113100 ms)

========================================================================
Received Prepare
Registering precompiled user dll's ...
Registered in 0.001079 seconds.
Begin MonoManager ReloadAssembly
Native extension for WindowsStandalone target not found
Refreshing native plugins compatible for Editor in 0.42 ms, found 1 plugins.
Preloading 0 native plugins for Editor in 0.00 ms.
Invoked RoslynAnalysisRunner static constructor.
RoslynAnalysisRunner will not be running.
RoslynAnalysisRunner has terminated.
Mono: successfully reloaded assembly
- Completed reload, in  0.678 seconds
Platform modules already initialized, skipping
Refreshing native plugins compatible for Editor in 0.43 ms, found 1 plugins.
Preloading 0 native plugins for Editor in 0.00 ms.
Unloading 1813 Unused Serialized files (Serialized files now loaded: 0)
System memory in use before: 87.6 MB.
System memory in use after: 87.6 MB.

Unloading 12 unused Assets to reduce memory usage. Loaded Objects now: 2270.
Total: 2.021500 ms (FindLiveObjects: 0.231100 ms CreateObjectMapping: 0.052600 ms MarkObjects: 1.634700 ms  DeleteObjects: 0.101900 ms)

========================================================================
Received Import Request.
  Time since last request: 50.810574 seconds.
  path: Assets/Scripts/Wave_Check.cs
  artifactKey: Guid(460f91ee19c68994b9d34cc4d04d710d) Importer(815301076,1909f56bfc062723c751e8b465ee728b)
Start importing Assets/Scripts/Wave_Check.cs using Guid(460f91ee19c68994b9d34cc4d04d710d) Importer(815301076,1909f56bfc062723c751e8b465ee728b)  -> (artifact id: 'becae42dabbcd12b9a4f14b0d19c18ad') in 0.008428 seconds
  Import took 0.010999 seconds .

AssetImportWorkerClient::OnTransportError - code=2 error=End of file
